  Determining projects to restore...
  All projects are up-to-date for restore.
  Spotless.Domain -> C:\Users\egysc\Documents\Work\GitHub\Spotless\src\Spotless.Domain\bin\Debug\net8.0\Spotless.Domain.dll
C:\Users\egysc\Documents\Work\GitHub\Spotless\src\Spotless.Application\Dtos\Ai\ChatResponse.cs(5,23): warning CS8618: Non-nullable property 'Response' must contain a non-null value when exiting constructor. Consider adding the 'required' modifier or declaring the property as nullable. [C:\Users\egysc\Documents\Work\GitHub\Spotless\src\Spotless.Application\Spotless.Application.csproj]
C:\Users\egysc\Documents\Work\GitHub\Spotless\src\Spotless.Application\Dtos\Ai\ChatRequest.cs(5,23): warning CS8618: Non-nullable property 'Message' must contain a non-null value when exiting constructor. Consider adding the 'required' modifier or declaring the property as nullable. [C:\Users\egysc\Documents\Work\GitHub\Spotless\src\Spotless.Application\Spotless.Application.csproj]
C:\Users\egysc\Documents\Work\GitHub\Spotless\src\Spotless.Application\Features\Orders\Commands\CreateOrder\CreateOrderCommandHandler.cs(48,64): error CS1061: 'CachedTimeSlotService' does not contain a definition for 'IsSlotAvailableAsync' and no accessible extension method 'IsSlotAvailableAsync' accepting a first argument of type 'CachedTimeSlotService' could be found (are you missing a using directive or an assembly reference?) [C:\Users\egysc\Documents\Work\GitHub\Spotless\src\Spotless.Application\Spotless.Application.csproj]
C:\Users\egysc\Documents\Work\GitHub\Spotless\src\Spotless.Application\Features\Orders\Commands\CreateOrder\CreateOrderCommandHandler.cs(55,42): error CS1729: 'Location' does not contain a constructor that takes 3 arguments [C:\Users\egysc\Documents\Work\GitHub\Spotless\src\Spotless.Application\Spotless.Application.csproj]
C:\Users\egysc\Documents\Work\GitHub\Spotless\src\Spotless.Application\Features\Orders\Commands\CreateOrder\CreateOrderCommandHandler.cs(56,44): error CS1729: 'Location' does not contain a constructor that takes 3 arguments [C:\Users\egysc\Documents\Work\GitHub\Spotless\src\Spotless.Application\Spotless.Application.csproj]
C:\Users\egysc\Documents\Work\GitHub\Spotless\src\Spotless.Application\Features\Orders\Commands\CreateOrder\CreateOrderCommandHandler.cs(59,33): error CS7036: There is no argument given that corresponds to the required parameter 'items' of 'Order.Order(Guid, IEnumerable<OrderItem>, Money, Guid, DateTime, PaymentMethod, Location, Location, string?, string?)' [C:\Users\egysc\Documents\Work\GitHub\Spotless\src\Spotless.Application\Spotless.Application.csproj]
C:\Users\egysc\Documents\Work\GitHub\Spotless\src\Spotless.Application\Features\Orders\Commands\CreateOrder\CreateOrderCommandHandler.cs(74,97): error CS1061: 'CreateOrderItemDto' does not contain a definition for 'Notes' and no accessible extension method 'Notes' accepting a first argument of type 'CreateOrderItemDto' could be found (are you missing a using directive or an assembly reference?) [C:\Users\egysc\Documents\Work\GitHub\Spotless\src\Spotless.Application\Spotless.Application.csproj]
C:\Users\egysc\Documents\Work\GitHub\Spotless\src\Spotless.Application\Features\Orders\Commands\CreateOrder\CreateOrderCommandHandler.cs(81,46): error CS1061: 'CachedTimeSlotService' does not contain a definition for 'ReserveSlotAsync' and no accessible extension method 'ReserveSlotAsync' accepting a first argument of type 'CachedTimeSlotService' could be found (are you missing a using directive or an assembly reference?) [C:\Users\egysc\Documents\Work\GitHub\Spotless\src\Spotless.Application\Spotless.Application.csproj]

Build FAILED.

C:\Users\egysc\Documents\Work\GitHub\Spotless\src\Spotless.Application\Dtos\Ai\ChatResponse.cs(5,23): warning CS8618: Non-nullable property 'Response' must contain a non-null value when exiting constructor. Consider adding the 'required' modifier or declaring the property as nullable. [C:\Users\egysc\Documents\Work\GitHub\Spotless\src\Spotless.Application\Spotless.Application.csproj]
C:\Users\egysc\Documents\Work\GitHub\Spotless\src\Spotless.Application\Dtos\Ai\ChatRequest.cs(5,23): warning CS8618: Non-nullable property 'Message' must contain a non-null value when exiting constructor. Consider adding the 'required' modifier or declaring the property as nullable. [C:\Users\egysc\Documents\Work\GitHub\Spotless\src\Spotless.Application\Spotless.Application.csproj]
C:\Users\egysc\Documents\Work\GitHub\Spotless\src\Spotless.Application\Features\Orders\Commands\CreateOrder\CreateOrderCommandHandler.cs(48,64): error CS1061: 'CachedTimeSlotService' does not contain a definition for 'IsSlotAvailableAsync' and no accessible extension method 'IsSlotAvailableAsync' accepting a first argument of type 'CachedTimeSlotService' could be found (are you missing a using directive or an assembly reference?) [C:\Users\egysc\Documents\Work\GitHub\Spotless\src\Spotless.Application\Spotless.Application.csproj]
C:\Users\egysc\Documents\Work\GitHub\Spotless\src\Spotless.Application\Features\Orders\Commands\CreateOrder\CreateOrderCommandHandler.cs(55,42): error CS1729: 'Location' does not contain a constructor that takes 3 arguments [C:\Users\egysc\Documents\Work\GitHub\Spotless\src\Spotless.Application\Spotless.Application.csproj]
C:\Users\egysc\Documents\Work\GitHub\Spotless\src\Spotless.Application\Features\Orders\Commands\CreateOrder\CreateOrderCommandHandler.cs(56,44): error CS1729: 'Location' does not contain a constructor that takes 3 arguments [C:\Users\egysc\Documents\Work\GitHub\Spotless\src\Spotless.Application\Spotless.Application.csproj]
C:\Users\egysc\Documents\Work\GitHub\Spotless\src\Spotless.Application\Features\Orders\Commands\CreateOrder\CreateOrderCommandHandler.cs(59,33): error CS7036: There is no argument given that corresponds to the required parameter 'items' of 'Order.Order(Guid, IEnumerable<OrderItem>, Money, Guid, DateTime, PaymentMethod, Location, Location, string?, string?)' [C:\Users\egysc\Documents\Work\GitHub\Spotless\src\Spotless.Application\Spotless.Application.csproj]
C:\Users\egysc\Documents\Work\GitHub\Spotless\src\Spotless.Application\Features\Orders\Commands\CreateOrder\CreateOrderCommandHandler.cs(74,97): error CS1061: 'CreateOrderItemDto' does not contain a definition for 'Notes' and no accessible extension method 'Notes' accepting a first argument of type 'CreateOrderItemDto' could be found (are you missing a using directive or an assembly reference?) [C:\Users\egysc\Documents\Work\GitHub\Spotless\src\Spotless.Application\Spotless.Application.csproj]
C:\Users\egysc\Documents\Work\GitHub\Spotless\src\Spotless.Application\Features\Orders\Commands\CreateOrder\CreateOrderCommandHandler.cs(81,46): error CS1061: 'CachedTimeSlotService' does not contain a definition for 'ReserveSlotAsync' and no accessible extension method 'ReserveSlotAsync' accepting a first argument of type 'CachedTimeSlotService' could be found (are you missing a using directive or an assembly reference?) [C:\Users\egysc\Documents\Work\GitHub\Spotless\src\Spotless.Application\Spotless.Application.csproj]
    2 Warning(s)
    6 Error(s)

Time Elapsed 00:00:01.88
