
> Spotless.Web@0.0.0 build
> tsc -b && vite build

pages/customer/NewOrderPage.tsx(8,10): error TS1484: 'LeafletMouseEvent' is a type and must be imported using a type-only import when 'verbatimModuleSyntax' is enabled.
pages/customer/NewOrderPage.tsx(24,5): error TS1484: 'PaymentMethodEnum' is a type and must be imported using a type-only import when 'verbatimModuleSyntax' is enabled.
pages/customer/NewOrderPage.tsx(25,5): error TS1484: 'PaymentMethodEnum' is a type and must be imported using a type-only import when 'verbatimModuleSyntax' is enabled.
pages/customer/NewOrderPage.tsx(25,26): error TS6133: 'PaymentMethods' is declared but its value is never read.
pages/customer/NewOrderPage.tsx(57,75): error TS2693: 'PaymentMethods' only refers to a type, but is being used as a value here.
pages/customer/NewOrderPage.tsx(88,37): error TS2722: Cannot invoke an object which is possibly 'undefined'.
pages/customer/NewOrderPage.tsx(88,37): error TS18048: 'OpenAPI.TOKEN' is possibly 'undefined'.
pages/customer/NewOrderPage.tsx(88,45): error TS2349: This expression is not callable.
  Not all constituents of type 'string | Resolver<string>' are callable.
    Type 'string' has no call signatures.
pages/customer/NewOrderPage.tsx(449,127): error TS2693: 'PaymentMethods' only refers to a type, but is being used as a value here.
pages/customer/NewOrderPage.tsx(453,57): error TS2693: 'PaymentMethods' only refers to a type, but is being used as a value here.
pages/customer/NewOrderPage.tsx(459,127): error TS2693: 'PaymentMethods' only refers to a type, but is being used as a value here.
pages/customer/NewOrderPage.tsx(463,57): error TS2693: 'PaymentMethods' only refers to a type, but is being used as a value here.
