  Determining projects to restore...
  All projects are up-to-date for restore.
  Spotless.Domain -> C:\Users\egysc\Documents\Work\GitHub\Spotless\src\Spotless.Domain\bin\Debug\net8.0\Spotless.Domain.dll
  Spotless.Application -> C:\Users\egysc\Documents\Work\GitHub\Spotless\src\Spotless.Application\bin\Debug\net8.0\Spotless.Application.dll
  Spotless.Infrastructure -> C:\Users\egysc\Documents\Work\GitHub\Spotless\src\Spotless.Infrastructure\bin\Debug\net8.0\Spotless.Infrastructure.dll
C:\Users\egysc\Documents\Work\GitHub\Spotless\src\Spotless.API\Controllers\AdminsController.cs(116,29): error CS1061: 'ApplicationUser' does not contain a definition for 'FullName' and no accessible extension method 'FullName' accepting a first argument of type 'ApplicationUser' could be found (are you missing a using directive or an assembly reference?) [C:\Users\egysc\Documents\Work\GitHub\Spotless\src\Spotless.API\Spotless.API.csproj]

Build FAILED.

C:\Users\egysc\Documents\Work\GitHub\Spotless\src\Spotless.API\Controllers\AdminsController.cs(116,29): error CS1061: 'ApplicationUser' does not contain a definition for 'FullName' and no accessible extension method 'FullName' accepting a first argument of type 'ApplicationUser' could be found (are you missing a using directive or an assembly reference?) [C:\Users\egysc\Documents\Work\GitHub\Spotless\src\Spotless.API\Spotless.API.csproj]
    0 Warning(s)
    1 Error(s)

Time Elapsed 00:00:02.13
